Flow report for Procesador
Fri May 19 09:50:01 2023
Quartus Prime Version 18.0.0 Build 614 04/24/2018 SJ Lite Edition


---------------------
; Table of Contents ;
---------------------
  1. Legal Notice
  2. Flow Summary
  3. Flow Settings
  4. Flow Non-Default Global Settings
  5. Flow Elapsed Time
  6. Flow OS Summary
  7. Flow Log
  8. Flow Messages
  9. Flow Suppressed Messages



----------------
; Legal Notice ;
----------------
Copyright (C) 2018  Intel Corporation. All rights reserved.
Your use of Intel Corporation's design tools, logic functions 
and other software and tools, and its AMPP partner logic 
functions, and any output files from any of the foregoing 
(including device programming or simulation files), and any 
associated documentation or information are expressly subject 
to the terms and conditions of the Intel Program License 
Subscription Agreement, the Intel Quartus Prime License Agreement,
the Intel FPGA IP License Agreement, or other applicable license
agreement, including, without limitation, that your use is for
the sole purpose of programming logic devices manufactured by
Intel and sold by Intel or its authorized distributors.  Please
refer to the applicable agreement for further details.



+-------------------------------------------------------------------------------+
; Flow Summary                                                                  ;
+---------------------------------+---------------------------------------------+
; Flow Status                     ; Successful - Fri May 19 09:50:01 2023       ;
; Quartus Prime Version           ; 18.0.0 Build 614 04/24/2018 SJ Lite Edition ;
; Revision Name                   ; Procesador                                  ;
; Top-level Entity Name           ; Procesador                                  ;
; Family                          ; Cyclone V                                   ;
; Device                          ; 5CGXFC7C7F23C8                              ;
; Timing Models                   ; Final                                       ;
; Logic utilization (in ALMs)     ; 74 / 56,480 ( < 1 % )                       ;
; Total registers                 ; 0                                           ;
; Total pins                      ; 60 / 268 ( 22 % )                           ;
; Total virtual pins              ; 0                                           ;
; Total block memory bits         ; 0 / 7,024,640 ( 0 % )                       ;
; Total DSP Blocks                ; 0 / 156 ( 0 % )                             ;
; Total HSSI RX PCSs              ; 0 / 6 ( 0 % )                               ;
; Total HSSI PMA RX Deserializers ; 0 / 6 ( 0 % )                               ;
; Total HSSI TX PCSs              ; 0 / 6 ( 0 % )                               ;
; Total HSSI PMA TX Serializers   ; 0 / 6 ( 0 % )                               ;
; Total PLLs                      ; 0 / 13 ( 0 % )                              ;
; Total DLLs                      ; 0 / 4 ( 0 % )                               ;
+---------------------------------+---------------------------------------------+


+-----------------------------------------+
; Flow Settings                           ;
+-------------------+---------------------+
; Option            ; Setting             ;
+-------------------+---------------------+
; Start date & time ; 05/19/2023 09:47:42 ;
; Main task         ; Compilation         ;
; Revision Name     ; Procesador          ;
+-------------------+---------------------+


+----------------------------------------------------------------------------------------------------------------------------------------------------------+
; Flow Non-Default Global Settings                                                                                                                         ;
+--------------------------------------+----------------------------------------+--------------------------------------+-------------+---------------------+
; Assignment Name                      ; Value                                  ; Default Value                        ; Entity Name ; Section Id          ;
+--------------------------------------+----------------------------------------+--------------------------------------+-------------+---------------------+
; COMPILER_SIGNATURE_ID                ; 246562420554190.168450046202684        ; --                                   ; --          ; --                  ;
; EDA_DESIGN_INSTANCE_NAME             ; NA                                     ; --                                   ; --          ; Procesador_simulate ;
; EDA_ENABLE_GLITCH_FILTERING          ; Off                                    ; --                                   ; --          ; eda_simulation      ;
; EDA_MAP_ILLEGAL_CHARACTERS           ; On                                     ; --                                   ; --          ; eda_simulation      ;
; EDA_NATIVELINK_SIMULATION_TEST_BENCH ; Procesador_simulate                    ; --                                   ; --          ; eda_simulation      ;
; EDA_OUTPUT_DATA_FORMAT               ; Systemverilog Hdl                      ; --                                   ; --          ; eda_simulation      ;
; EDA_RUN_TOOL_AUTOMATICALLY           ; Off                                    ; --                                   ; --          ; eda_simulation      ;
; EDA_SIMULATION_RUN_SCRIPT            ; CPU_test.sv                            ; --                                   ; --          ; eda_simulation      ;
; EDA_SIMULATION_TOOL                  ; ModelSim-Altera (SystemVerilog)        ; <None>                               ; --          ; --                  ;
; EDA_TEST_BENCH_ENABLE_STATUS         ; TEST_BENCH_MODE                        ; --                                   ; --          ; eda_simulation      ;
; EDA_TEST_BENCH_FILE                  ; Procesador_simulation.sv               ; --                                   ; --          ; Procesador_simulate ;
; EDA_TEST_BENCH_MODULE_NAME           ; Procesador_simulate                    ; --                                   ; --          ; Procesador_simulate ;
; EDA_TEST_BENCH_NAME                  ; Procesador_simulate                    ; --                                   ; --          ; eda_simulation      ;
; EDA_TIME_SCALE                       ; 1 ps                                   ; --                                   ; --          ; eda_simulation      ;
; EDA_WRITE_NODES_FOR_POWER_ESTIMATION ; Off                                    ; --                                   ; --          ; eda_simulation      ;
; FLOW_ENABLE_RTL_VIEWER               ; On                                     ; Off                                  ; --          ; --                  ;
; MAX_CORE_JUNCTION_TEMP               ; 85                                     ; --                                   ; --          ; --                  ;
; MIN_CORE_JUNCTION_TEMP               ; 0                                      ; --                                   ; --          ; --                  ;
; PARTITION_COLOR                      ; -- (Not supported for targeted family) ; --                                   ; --          ; Top                 ;
; PARTITION_FITTER_PRESERVATION_LEVEL  ; -- (Not supported for targeted family) ; --                                   ; --          ; Top                 ;
; PARTITION_NETLIST_TYPE               ; -- (Not supported for targeted family) ; --                                   ; --          ; Top                 ;
; POWER_BOARD_THERMAL_MODEL            ; None (CONSERVATIVE)                    ; --                                   ; --          ; --                  ;
; POWER_PRESET_COOLING_SOLUTION        ; 23 MM HEAT SINK WITH 200 LFPM AIRFLOW  ; --                                   ; --          ; --                  ;
; PROJECT_IP_REGENERATION_POLICY       ; ALWAYS_REGENERATE_IP                   ; SKIP_REGENERATING_IP_IF_HDL_MODIFIED ; --          ; --                  ;
; PROJECT_OUTPUT_DIRECTORY             ; output_files                           ; --                                   ; --          ; --                  ;
; SMART_RECOMPILE                      ; On                                     ; Off                                  ; --          ; --                  ;
; VERILOG_INPUT_VERSION                ; SystemVerilog_2005                     ; Verilog_2001                         ; --          ; --                  ;
; VERILOG_SHOW_LMF_MAPPING_MESSAGES    ; Off                                    ; --                                   ; --          ; --                  ;
; VHDL_INPUT_VERSION                   ; VHDL_2008                              ; VHDL_1993                            ; --          ; --                  ;
; VHDL_SHOW_LMF_MAPPING_MESSAGES       ; Off                                    ; --                                   ; --          ; --                  ;
+--------------------------------------+----------------------------------------+--------------------------------------+-------------+---------------------+


+--------------------------------------------------------------------------------------------------------------------------+
; Flow Elapsed Time                                                                                                        ;
+----------------------+--------------+-------------------------+---------------------+------------------------------------+
; Module Name          ; Elapsed Time ; Average Processors Used ; Peak Virtual Memory ; Total CPU Time (on all processors) ;
+----------------------+--------------+-------------------------+---------------------+------------------------------------+
; Analysis & Synthesis ; 00:00:21     ; 1.0                     ; 4814 MB             ; 00:00:41                           ;
; Fitter               ; 00:01:20     ; 1.0                     ; 6773 MB             ; 00:02:01                           ;
; Assembler            ; 00:00:15     ; 1.0                     ; 4823 MB             ; 00:00:13                           ;
; Timing Analyzer      ; 00:00:11     ; 1.2                     ; 5179 MB             ; 00:00:11                           ;
; EDA Netlist Writer   ; 00:00:02     ; 1.0                     ; 4734 MB             ; 00:00:02                           ;
; Total                ; 00:02:09     ; --                      ; --                  ; 00:03:08                           ;
+----------------------+--------------+-------------------------+---------------------+------------------------------------+


+------------------------------------------------------------------------------------+
; Flow OS Summary                                                                    ;
+----------------------+------------------+------------+------------+----------------+
; Module Name          ; Machine Hostname ; OS Name    ; OS Version ; Processor type ;
+----------------------+------------------+------------+------------+----------------+
; Analysis & Synthesis ; mati             ; Windows 10 ; 10.0       ; x86_64         ;
; Fitter               ; mati             ; Windows 10 ; 10.0       ; x86_64         ;
; Assembler            ; mati             ; Windows 10 ; 10.0       ; x86_64         ;
; Timing Analyzer      ; mati             ; Windows 10 ; 10.0       ; x86_64         ;
; EDA Netlist Writer   ; mati             ; Windows 10 ; 10.0       ; x86_64         ;
+----------------------+------------------+------------+------------+----------------+


------------
; Flow Log ;
------------
quartus_map --read_settings_files=on --write_settings_files=off Procesador -c Procesador
quartus_fit --read_settings_files=off --write_settings_files=off Procesador -c Procesador
quartus_asm --read_settings_files=off --write_settings_files=off Procesador -c Procesador
quartus_sta Procesador -c Procesador
quartus_eda --read_settings_files=off --write_settings_files=off Procesador -c Procesador



