Analysis & Synthesis report for Procesador
Fri May 19 09:48:03 2023
Quartus Prime Version 18.0.0 Build 614 04/24/2018 SJ Lite Edition


---------------------
; Table of Contents ;
---------------------
  1. Legal Notice
  2. Analysis & Synthesis Summary
  3. Analysis & Synthesis Settings
  4. Parallel Compilation
  5. Analysis & Synthesis Source Files Read
  6. Analysis & Synthesis Resource Usage Summary
  7. Analysis & Synthesis Resource Utilization by Entity
  8. Logic Cells Representing Combinational Loops
  9. General Register Statistics
 10. Multiplexer Restructuring Statistics (Restructuring Performed)
 11. Parameter Settings for User Entity Instance: Top-level Entity: |Procesador
 12. Parameter Settings for User Entity Instance: registro:R0
 13. Parameter Settings for User Entity Instance: registro:R1
 14. Parameter Settings for User Entity Instance: registro:R2
 15. Parameter Settings for User Entity Instance: registro:R3
 16. Parameter Settings for User Entity Instance: mux_4x1:mux_A
 17. Parameter Settings for User Entity Instance: mux_4x1:mux_B
 18. Parameter Settings for User Entity Instance: mux_2x1:mux_H
 19. Parameter Settings for User Entity Instance: mux_2x1:mux_F
 20. Parameter Settings for User Entity Instance: mux_2x1:mux_D
 21. Parameter Settings for User Entity Instance: Shifter:shif_H
 22. Parameter Settings for User Entity Instance: ALU_G:ALU_G_1
 23. Port Connectivity Checks: "decoder:Deco"
 24. Post-Synthesis Netlist Statistics for Top Partition
 25. Elapsed Time Per Partition
 26. Analysis & Synthesis Messages



----------------
; Legal Notice ;
----------------
Copyright (C) 2018  Intel Corporation. All rights reserved.
Your use of Intel Corporation's design tools, logic functions 
and other software and tools, and its AMPP partner logic 
functions, and any output files from any of the foregoing 
(including device programming or simulation files), and any 
associated documentation or information are expressly subject 
to the terms and conditions of the Intel Program License 
Subscription Agreement, the Intel Quartus Prime License Agreement,
the Intel FPGA IP License Agreement, or other applicable license
agreement, including, without limitation, that your use is for
the sole purpose of programming logic devices manufactured by
Intel and sold by Intel or its authorized distributors.  Please
refer to the applicable agreement for further details.



+-------------------------------------------------------------------------------+
; Analysis & Synthesis Summary                                                  ;
+---------------------------------+---------------------------------------------+
; Analysis & Synthesis Status     ; Successful - Fri May 19 09:48:02 2023       ;
; Quartus Prime Version           ; 18.0.0 Build 614 04/24/2018 SJ Lite Edition ;
; Revision Name                   ; Procesador                                  ;
; Top-level Entity Name           ; Procesador                                  ;
; Family                          ; Cyclone V                                   ;
; Logic utilization (in ALMs)     ; N/A                                         ;
; Total registers                 ; 0                                           ;
; Total pins                      ; 60                                          ;
; Total virtual pins              ; 0                                           ;
; Total block memory bits         ; 0                                           ;
; Total DSP Blocks                ; 0                                           ;
; Total HSSI RX PCSs              ; 0                                           ;
; Total HSSI PMA RX Deserializers ; 0                                           ;
; Total HSSI TX PCSs              ; 0                                           ;
; Total HSSI PMA TX Serializers   ; 0                                           ;
; Total PLLs                      ; 0                                           ;
; Total DLLs                      ; 0                                           ;
+---------------------------------+---------------------------------------------+


+---------------------------------------------------------------------------------------------------------------------------+
; Analysis & Synthesis Settings                                                                                             ;
+---------------------------------------------------------------------------------+--------------------+--------------------+
; Option                                                                          ; Setting            ; Default Value      ;
+---------------------------------------------------------------------------------+--------------------+--------------------+
; Device                                                                          ; 5CGXFC7C7F23C8     ;                    ;
; Top-level entity name                                                           ; Procesador         ; Procesador         ;
; Family name                                                                     ; Cyclone V          ; Cyclone V          ;
; Use smart compilation                                                           ; On                 ; Off                ;
; VHDL Show LMF Mapping Messages                                                  ; Off                ;                    ;
; Verilog Show LMF Mapping Messages                                               ; Off                ;                    ;
; Verilog Version                                                                 ; SystemVerilog_2005 ; Verilog_2001       ;
; VHDL Version                                                                    ; VHDL_2008          ; VHDL_1993          ;
; Enable parallel Assembler and Timing Analyzer during compilation                ; On                 ; On                 ;
; Enable compact report table                                                     ; Off                ; Off                ;
; Restructure Multiplexers                                                        ; Auto               ; Auto               ;
; MLAB Add Timing Constraints For Mixed-Port Feed-Through Mode Setting Don't Care ; Off                ; Off                ;
; Create Debugging Nodes for IP Cores                                             ; Off                ; Off                ;
; Preserve fewer node names                                                       ; On                 ; On                 ;
; Intel FPGA IP Evaluation Mode                                                   ; Enable             ; Enable             ;
; State Machine Processing                                                        ; Auto               ; Auto               ;
; Safe State Machine                                                              ; Off                ; Off                ;
; Extract Verilog State Machines                                                  ; On                 ; On                 ;
; Extract VHDL State Machines                                                     ; On                 ; On                 ;
; Ignore Verilog initial constructs                                               ; Off                ; Off                ;
; Iteration limit for constant Verilog loops                                      ; 5000               ; 5000               ;
; Iteration limit for non-constant Verilog loops                                  ; 250                ; 250                ;
; Add Pass-Through Logic to Inferred RAMs                                         ; On                 ; On                 ;
; Infer RAMs from Raw Logic                                                       ; On                 ; On                 ;
; Parallel Synthesis                                                              ; On                 ; On                 ;
; DSP Block Balancing                                                             ; Auto               ; Auto               ;
; NOT Gate Push-Back                                                              ; On                 ; On                 ;
; Power-Up Don't Care                                                             ; On                 ; On                 ;
; Remove Redundant Logic Cells                                                    ; Off                ; Off                ;
; Remove Duplicate Registers                                                      ; On                 ; On                 ;
; Ignore CARRY Buffers                                                            ; Off                ; Off                ;
; Ignore CASCADE Buffers                                                          ; Off                ; Off                ;
; Ignore GLOBAL Buffers                                                           ; Off                ; Off                ;
; Ignore ROW GLOBAL Buffers                                                       ; Off                ; Off                ;
; Ignore LCELL Buffers                                                            ; Off                ; Off                ;
; Ignore SOFT Buffers                                                             ; On                 ; On                 ;
; Limit AHDL Integers to 32 Bits                                                  ; Off                ; Off                ;
; Optimization Technique                                                          ; Balanced           ; Balanced           ;
; Carry Chain Length                                                              ; 70                 ; 70                 ;
; Auto Carry Chains                                                               ; On                 ; On                 ;
; Auto Open-Drain Pins                                                            ; On                 ; On                 ;
; Perform WYSIWYG Primitive Resynthesis                                           ; Off                ; Off                ;
; Auto ROM Replacement                                                            ; On                 ; On                 ;
; Auto RAM Replacement                                                            ; On                 ; On                 ;
; Auto DSP Block Replacement                                                      ; On                 ; On                 ;
; Auto Shift Register Replacement                                                 ; Auto               ; Auto               ;
; Allow Shift Register Merging across Hierarchies                                 ; Auto               ; Auto               ;
; Auto Clock Enable Replacement                                                   ; On                 ; On                 ;
; Strict RAM Replacement                                                          ; Off                ; Off                ;
; Allow Synchronous Control Signals                                               ; On                 ; On                 ;
; Force Use of Synchronous Clear Signals                                          ; Off                ; Off                ;
; Auto Resource Sharing                                                           ; Off                ; Off                ;
; Allow Any RAM Size For Recognition                                              ; Off                ; Off                ;
; Allow Any ROM Size For Recognition                                              ; Off                ; Off                ;
; Allow Any Shift Register Size For Recognition                                   ; Off                ; Off                ;
; Use LogicLock Constraints during Resource Balancing                             ; On                 ; On                 ;
; Ignore translate_off and synthesis_off directives                               ; Off                ; Off                ;
; Timing-Driven Synthesis                                                         ; On                 ; On                 ;
; Report Parameter Settings                                                       ; On                 ; On                 ;
; Report Source Assignments                                                       ; On                 ; On                 ;
; Report Connectivity Checks                                                      ; On                 ; On                 ;
; Ignore Maximum Fan-Out Assignments                                              ; Off                ; Off                ;
; Synchronization Register Chain Length                                           ; 3                  ; 3                  ;
; Power Optimization During Synthesis                                             ; Normal compilation ; Normal compilation ;
; HDL message level                                                               ; Level2             ; Level2             ;
; Suppress Register Optimization Related Messages                                 ; Off                ; Off                ;
; Number of Removed Registers Reported in Synthesis Report                        ; 5000               ; 5000               ;
; Number of Swept Nodes Reported in Synthesis Report                              ; 5000               ; 5000               ;
; Number of Inverted Registers Reported in Synthesis Report                       ; 100                ; 100                ;
; Clock MUX Protection                                                            ; On                 ; On                 ;
; Auto Gated Clock Conversion                                                     ; Off                ; Off                ;
; Block Design Naming                                                             ; Auto               ; Auto               ;
; SDC constraint protection                                                       ; Off                ; Off                ;
; Synthesis Effort                                                                ; Auto               ; Auto               ;
; Shift Register Replacement - Allow Asynchronous Clear Signal                    ; On                 ; On                 ;
; Pre-Mapping Resynthesis Optimization                                            ; Off                ; Off                ;
; Analysis & Synthesis Message Level                                              ; Medium             ; Medium             ;
; Disable Register Merging Across Hierarchies                                     ; Auto               ; Auto               ;
; Resource Aware Inference For Block RAM                                          ; On                 ; On                 ;
; Automatic Parallel Synthesis                                                    ; On                 ; On                 ;
; Partial Reconfiguration Bitstream ID                                            ; Off                ; Off                ;
+---------------------------------------------------------------------------------+--------------------+--------------------+


+------------------------------------------+
; Parallel Compilation                     ;
+----------------------------+-------------+
; Processors                 ; Number      ;
+----------------------------+-------------+
; Number detected on machine ; 4           ;
; Maximum allowed            ; 4           ;
;                            ;             ;
; Average used               ; 1.00        ;
; Maximum used               ; 4           ;
;                            ;             ;
; Usage by Processor         ; % Time Used ;
;     Processor 1            ; 100.0%      ;
;     Processor 2            ;   0.0%      ;
;     Processor 3            ;   0.0%      ;
;     Processor 4            ;   0.0%      ;
+----------------------------+-------------+


+-----------------------------------------------------------------------------------------------------------------------------------------------------------------------------------------------------------------------------------------------------------------+
; Analysis & Synthesis Source Files Read                                                                                                                                                                                                                          ;
+----------------------------------+-----------------+------------------------------+-------------------------------------------------------------------------------------------------------------------------------------------------------------------+---------+
; File Name with User-Entered Path ; Used in Netlist ; File Type                    ; File Name with Absolute Path                                                                                                                                      ; Library ;
+----------------------------------+-----------------+------------------------------+-------------------------------------------------------------------------------------------------------------------------------------------------------------------+---------+
; ALU_G.sv                         ; yes             ; User SystemVerilog HDL File  ; D:/Cursos y Carreras/INGENIERIA ELECTRONICA/Tecnicas Digitales 2/Quartus2_proyectos/Proyecto TP1 - CPUV_5_simOK.rar/Proyecto TP1 - CPUV_5_simOK.rar/ALU_G.sv      ;         ;
; mux_4x1.sv                       ; yes             ; User SystemVerilog HDL File  ; D:/Cursos y Carreras/INGENIERIA ELECTRONICA/Tecnicas Digitales 2/Quartus2_proyectos/Proyecto TP1 - CPUV_5_simOK.rar/Proyecto TP1 - CPUV_5_simOK.rar/mux_4x1.sv    ;         ;
; and_R.sv                         ; yes             ; User SystemVerilog HDL File  ; D:/Cursos y Carreras/INGENIERIA ELECTRONICA/Tecnicas Digitales 2/Quartus2_proyectos/Proyecto TP1 - CPUV_5_simOK.rar/Proyecto TP1 - CPUV_5_simOK.rar/and_R.sv      ;         ;
; Procesador.sv                    ; yes             ; User SystemVerilog HDL File  ; D:/Cursos y Carreras/INGENIERIA ELECTRONICA/Tecnicas Digitales 2/Quartus2_proyectos/Proyecto TP1 - CPUV_5_simOK.rar/Proyecto TP1 - CPUV_5_simOK.rar/Procesador.sv ;         ;
; decoder.sv                       ; yes             ; User SystemVerilog HDL File  ; D:/Cursos y Carreras/INGENIERIA ELECTRONICA/Tecnicas Digitales 2/Quartus2_proyectos/Proyecto TP1 - CPUV_5_simOK.rar/Proyecto TP1 - CPUV_5_simOK.rar/decoder.sv    ;         ;
; registro.sv                      ; yes             ; User SystemVerilog HDL File  ; D:/Cursos y Carreras/INGENIERIA ELECTRONICA/Tecnicas Digitales 2/Quartus2_proyectos/Proyecto TP1 - CPUV_5_simOK.rar/Proyecto TP1 - CPUV_5_simOK.rar/registro.sv   ;         ;
; mux_2x1.sv                       ; yes             ; User SystemVerilog HDL File  ; D:/Cursos y Carreras/INGENIERIA ELECTRONICA/Tecnicas Digitales 2/Quartus2_proyectos/Proyecto TP1 - CPUV_5_simOK.rar/Proyecto TP1 - CPUV_5_simOK.rar/mux_2x1.sv    ;         ;
; Shifter.sv                       ; yes             ; User SystemVerilog HDL File  ; D:/Cursos y Carreras/INGENIERIA ELECTRONICA/Tecnicas Digitales 2/Quartus2_proyectos/Proyecto TP1 - CPUV_5_simOK.rar/Proyecto TP1 - CPUV_5_simOK.rar/Shifter.sv    ;         ;
+----------------------------------+-----------------+------------------------------+-------------------------------------------------------------------------------------------------------------------------------------------------------------------+---------+


+--------------------------------------------------------------+
; Analysis & Synthesis Resource Usage Summary                  ;
+---------------------------------------------+----------------+
; Resource                                    ; Usage          ;
+---------------------------------------------+----------------+
; Estimate of Logic utilization (ALMs needed) ; 73             ;
;                                             ;                ;
; Combinational ALUT usage for logic          ; 112            ;
;     -- 7 input functions                    ; 8              ;
;     -- 6 input functions                    ; 26             ;
;     -- 5 input functions                    ; 19             ;
;     -- 4 input functions                    ; 8              ;
;     -- <=3 input functions                  ; 51             ;
;                                             ;                ;
; Dedicated logic registers                   ; 0              ;
;                                             ;                ;
; I/O pins                                    ; 60             ;
;                                             ;                ;
; Total DSP Blocks                            ; 0              ;
;                                             ;                ;
; Maximum fan-out node                        ; G_sel[3]~input ;
; Maximum fan-out                             ; 17             ;
; Total fan-out                               ; 573            ;
; Average fan-out                             ; 2.47           ;
+---------------------------------------------+----------------+


+----------------------------------------------------------------------------------------------------------------------------------------------------------------------------------------------+
; Analysis & Synthesis Resource Utilization by Entity                                                                                                                                          ;
+----------------------------+---------------------+---------------------------+-------------------+------------+------+--------------+---------------------------+-------------+--------------+
; Compilation Hierarchy Node ; Combinational ALUTs ; Dedicated Logic Registers ; Block Memory Bits ; DSP Blocks ; Pins ; Virtual Pins ; Full Hierarchy Name       ; Entity Name ; Library Name ;
+----------------------------+---------------------+---------------------------+-------------------+------------+------+--------------+---------------------------+-------------+--------------+
; |Procesador                ; 112 (3)             ; 0 (0)                     ; 0                 ; 0          ; 60   ; 0            ; |Procesador               ; Procesador  ; work         ;
;    |ALU_G:ALU_G_1|         ; 24 (24)             ; 0 (0)                     ; 0                 ; 0          ; 0    ; 0            ; |Procesador|ALU_G:ALU_G_1 ; ALU_G       ; work         ;
;    |and_R:And0|            ; 1 (1)               ; 0 (0)                     ; 0                 ; 0          ; 0    ; 0            ; |Procesador|and_R:And0    ; and_R       ; work         ;
;    |mux_2x1:mux_D|         ; 20 (20)             ; 0 (0)                     ; 0                 ; 0          ; 0    ; 0            ; |Procesador|mux_2x1:mux_D ; mux_2x1     ; work         ;
;    |mux_2x1:mux_H|         ; 24 (24)             ; 0 (0)                     ; 0                 ; 0          ; 0    ; 0            ; |Procesador|mux_2x1:mux_H ; mux_2x1     ; work         ;
;    |mux_4x1:mux_A|         ; 8 (8)               ; 0 (0)                     ; 0                 ; 0          ; 0    ; 0            ; |Procesador|mux_4x1:mux_A ; mux_4x1     ; work         ;
;    |registro:R0|           ; 8 (8)               ; 0 (0)                     ; 0                 ; 0          ; 0    ; 0            ; |Procesador|registro:R0   ; registro    ; work         ;
;    |registro:R1|           ; 8 (8)               ; 0 (0)                     ; 0                 ; 0          ; 0    ; 0            ; |Procesador|registro:R1   ; registro    ; work         ;
;    |registro:R2|           ; 8 (8)               ; 0 (0)                     ; 0                 ; 0          ; 0    ; 0            ; |Procesador|registro:R2   ; registro    ; work         ;
;    |registro:R3|           ; 8 (8)               ; 0 (0)                     ; 0                 ; 0          ; 0    ; 0            ; |Procesador|registro:R3   ; registro    ; work         ;
+----------------------------+---------------------+---------------------------+-------------------+------------+------+--------------+---------------------------+-------------+--------------+
Note: For table entries with two numbers listed, the numbers in parentheses indicate the number of resources of the given type used by the specific entity alone. The numbers listed outside of parentheses indicate the total resources of the given type used by the specific entity and all of its sub-entities in the hierarchy.


+-------------------------------------------------------------+
; Logic Cells Representing Combinational Loops                ;
+--------------------------------------------------------+----+
; Logic Cell Name                                        ;    ;
+--------------------------------------------------------+----+
; registro:R0|R_out[1]                                   ;    ;
; registro:R1|R_out[1]                                   ;    ;
; registro:R3|R_out[1]                                   ;    ;
; registro:R2|R_out[1]                                   ;    ;
; registro:R0|R_out[2]                                   ;    ;
; registro:R1|R_out[2]                                   ;    ;
; registro:R3|R_out[2]                                   ;    ;
; registro:R2|R_out[2]                                   ;    ;
; registro:R0|R_out[3]                                   ;    ;
; registro:R1|R_out[3]                                   ;    ;
; registro:R3|R_out[3]                                   ;    ;
; registro:R2|R_out[3]                                   ;    ;
; registro:R0|R_out[4]                                   ;    ;
; registro:R1|R_out[4]                                   ;    ;
; registro:R3|R_out[4]                                   ;    ;
; registro:R2|R_out[4]                                   ;    ;
; registro:R0|R_out[5]                                   ;    ;
; registro:R1|R_out[5]                                   ;    ;
; registro:R3|R_out[5]                                   ;    ;
; registro:R2|R_out[5]                                   ;    ;
; registro:R0|R_out[6]                                   ;    ;
; registro:R1|R_out[6]                                   ;    ;
; registro:R3|R_out[6]                                   ;    ;
; registro:R2|R_out[6]                                   ;    ;
; registro:R0|R_out[7]                                   ;    ;
; registro:R1|R_out[7]                                   ;    ;
; registro:R3|R_out[7]                                   ;    ;
; registro:R2|R_out[7]                                   ;    ;
; registro:R0|R_out[0]                                   ;    ;
; registro:R1|R_out[0]                                   ;    ;
; registro:R3|R_out[0]                                   ;    ;
; registro:R2|R_out[0]                                   ;    ;
; Number of logic cells representing combinational loops ; 32 ;
+--------------------------------------------------------+----+
Note: All cells listed above may not be present at the end of synthesis due to various synthesis optimizations.


+------------------------------------------------------+
; General Register Statistics                          ;
+----------------------------------------------+-------+
; Statistic                                    ; Value ;
+----------------------------------------------+-------+
; Total registers                              ; 0     ;
; Number of registers using Synchronous Clear  ; 0     ;
; Number of registers using Synchronous Load   ; 0     ;
; Number of registers using Asynchronous Clear ; 0     ;
; Number of registers using Asynchronous Load  ; 0     ;
; Number of registers using Clock Enable       ; 0     ;
; Number of registers using Preset             ; 0     ;
+----------------------------------------------+-------+


+--------------------------------------------------------------------------------------------------------------------------------------------------+
; Multiplexer Restructuring Statistics (Restructuring Performed)                                                                                   ;
+--------------------+-----------+---------------+----------------------+------------------------+------------+------------------------------------+
; Multiplexer Inputs ; Bus Width ; Baseline Area ; Area if Restructured ; Saving if Restructured ; Registered ; Example Multiplexer Output         ;
+--------------------+-----------+---------------+----------------------+------------------------+------------+------------------------------------+
; 4:1                ; 8 bits    ; 16 LEs        ; 16 LEs               ; 0 LEs                  ; No         ; |Procesador|ALU_G:ALU_G_1|y[6]     ;
; 4:1                ; 8 bits    ; 16 LEs        ; 16 LEs               ; 0 LEs                  ; No         ; |Procesador|mux_4x1:mux_A|Mux7     ;
; 8:1                ; 8 bits    ; 40 LEs        ; 24 LEs               ; 16 LEs                 ; No         ; |Procesador|ALU_G:ALU_G_1|Mux6     ;
; 5:1                ; 8 bits    ; 24 LEs        ; 24 LEs               ; 0 LEs                  ; No         ; |Procesador|mux_2x1:mux_H|BUS_x[6] ;
; 6:1                ; 6 bits    ; 24 LEs        ; 24 LEs               ; 0 LEs                  ; No         ; |Procesador|mux_2x1:mux_D|BUS_x[6] ;
+--------------------+-----------+---------------+----------------------+------------------------+------------+------------------------------------+


+----------------------------------------------------------------------------+
; Parameter Settings for User Entity Instance: Top-level Entity: |Procesador ;
+----------------+-------+---------------------------------------------------+
; Parameter Name ; Value ; Type                                              ;
+----------------+-------+---------------------------------------------------+
; m              ; 8     ; Signed Integer                                    ;
+----------------+-------+---------------------------------------------------+
Note: In order to hide this table in the UI and the text report file, please set the "Show Parameter Settings in Synthesis Report" option in "Analysis and Synthesis Settings -> More Settings" to "Off".


+----------------------------------------------------------+
; Parameter Settings for User Entity Instance: registro:R0 ;
+----------------+-------+---------------------------------+
; Parameter Name ; Value ; Type                            ;
+----------------+-------+---------------------------------+
; n              ; 8     ; Signed Integer                  ;
+----------------+-------+---------------------------------+
Note: In order to hide this table in the UI and the text report file, please set the "Show Parameter Settings in Synthesis Report" option in "Analysis and Synthesis Settings -> More Settings" to "Off".


+----------------------------------------------------------+
; Parameter Settings for User Entity Instance: registro:R1 ;
+----------------+-------+---------------------------------+
; Parameter Name ; Value ; Type                            ;
+----------------+-------+---------------------------------+
; n              ; 8     ; Signed Integer                  ;
+----------------+-------+---------------------------------+
Note: In order to hide this table in the UI and the text report file, please set the "Show Parameter Settings in Synthesis Report" option in "Analysis and Synthesis Settings -> More Settings" to "Off".


+----------------------------------------------------------+
; Parameter Settings for User Entity Instance: registro:R2 ;
+----------------+-------+---------------------------------+
; Parameter Name ; Value ; Type                            ;
+----------------+-------+---------------------------------+
; n              ; 8     ; Signed Integer                  ;
+----------------+-------+---------------------------------+
Note: In order to hide this table in the UI and the text report file, please set the "Show Parameter Settings in Synthesis Report" option in "Analysis and Synthesis Settings -> More Settings" to "Off".


+----------------------------------------------------------+
; Parameter Settings for User Entity Instance: registro:R3 ;
+----------------+-------+---------------------------------+
; Parameter Name ; Value ; Type                            ;
+----------------+-------+---------------------------------+
; n              ; 8     ; Signed Integer                  ;
+----------------+-------+---------------------------------+
Note: In order to hide this table in the UI and the text report file, please set the "Show Parameter Settings in Synthesis Report" option in "Analysis and Synthesis Settings -> More Settings" to "Off".


+------------------------------------------------------------+
; Parameter Settings for User Entity Instance: mux_4x1:mux_A ;
+----------------+-------+-----------------------------------+
; Parameter Name ; Value ; Type                              ;
+----------------+-------+-----------------------------------+
; n              ; 8     ; Signed Integer                    ;
+----------------+-------+-----------------------------------+
Note: In order to hide this table in the UI and the text report file, please set the "Show Parameter Settings in Synthesis Report" option in "Analysis and Synthesis Settings -> More Settings" to "Off".


+------------------------------------------------------------+
; Parameter Settings for User Entity Instance: mux_4x1:mux_B ;
+----------------+-------+-----------------------------------+
; Parameter Name ; Value ; Type                              ;
+----------------+-------+-----------------------------------+
; n              ; 8     ; Signed Integer                    ;
+----------------+-------+-----------------------------------+
Note: In order to hide this table in the UI and the text report file, please set the "Show Parameter Settings in Synthesis Report" option in "Analysis and Synthesis Settings -> More Settings" to "Off".


+------------------------------------------------------------+
; Parameter Settings for User Entity Instance: mux_2x1:mux_H ;
+----------------+-------+-----------------------------------+
; Parameter Name ; Value ; Type                              ;
+----------------+-------+-----------------------------------+
; n              ; 8     ; Signed Integer                    ;
+----------------+-------+-----------------------------------+
Note: In order to hide this table in the UI and the text report file, please set the "Show Parameter Settings in Synthesis Report" option in "Analysis and Synthesis Settings -> More Settings" to "Off".


+------------------------------------------------------------+
; Parameter Settings for User Entity Instance: mux_2x1:mux_F ;
+----------------+-------+-----------------------------------+
; Parameter Name ; Value ; Type                              ;
+----------------+-------+-----------------------------------+
; n              ; 8     ; Signed Integer                    ;
+----------------+-------+-----------------------------------+
Note: In order to hide this table in the UI and the text report file, please set the "Show Parameter Settings in Synthesis Report" option in "Analysis and Synthesis Settings -> More Settings" to "Off".


+------------------------------------------------------------+
; Parameter Settings for User Entity Instance: mux_2x1:mux_D ;
+----------------+-------+-----------------------------------+
; Parameter Name ; Value ; Type                              ;
+----------------+-------+-----------------------------------+
; n              ; 8     ; Signed Integer                    ;
+----------------+-------+-----------------------------------+
Note: In order to hide this table in the UI and the text report file, please set the "Show Parameter Settings in Synthesis Report" option in "Analysis and Synthesis Settings -> More Settings" to "Off".


+-------------------------------------------------------------+
; Parameter Settings for User Entity Instance: Shifter:shif_H ;
+----------------+-------+------------------------------------+
; Parameter Name ; Value ; Type                               ;
+----------------+-------+------------------------------------+
; n              ; 8     ; Signed Integer                     ;
+----------------+-------+------------------------------------+
Note: In order to hide this table in the UI and the text report file, please set the "Show Parameter Settings in Synthesis Report" option in "Analysis and Synthesis Settings -> More Settings" to "Off".


+------------------------------------------------------------+
; Parameter Settings for User Entity Instance: ALU_G:ALU_G_1 ;
+----------------+-------+-----------------------------------+
; Parameter Name ; Value ; Type                              ;
+----------------+-------+-----------------------------------+
; N              ; 8     ; Signed Integer                    ;
+----------------+-------+-----------------------------------+
Note: In order to hide this table in the UI and the text report file, please set the "Show Parameter Settings in Synthesis Report" option in "Analysis and Synthesis Settings -> More Settings" to "Off".


+-----------------------------------------------+
; Port Connectivity Checks: "decoder:Deco"      ;
+-------------+-------+----------+--------------+
; Port        ; Type  ; Severity ; Details      ;
+-------------+-------+----------+--------------+
; enable_deco ; Input ; Info     ; Stuck at VCC ;
+-------------+-------+----------+--------------+


+-----------------------------------------------------+
; Post-Synthesis Netlist Statistics for Top Partition ;
+-----------------------+-----------------------------+
; Type                  ; Count                       ;
+-----------------------+-----------------------------+
; arriav_lcell_comb     ; 113                         ;
;     arith             ; 10                          ;
;         0 data inputs ; 1                           ;
;         1 data inputs ; 1                           ;
;         4 data inputs ; 8                           ;
;     extend            ; 8                           ;
;         7 data inputs ; 8                           ;
;     normal            ; 95                          ;
;         0 data inputs ; 1                           ;
;         2 data inputs ; 10                          ;
;         3 data inputs ; 39                          ;
;         5 data inputs ; 19                          ;
;         6 data inputs ; 26                          ;
; boundary_port         ; 60                          ;
;                       ;                             ;
; Max LUT depth         ; 5.00                        ;
; Average LUT depth     ; 3.21                        ;
+-----------------------+-----------------------------+


+-------------------------------+
; Elapsed Time Per Partition    ;
+----------------+--------------+
; Partition Name ; Elapsed Time ;
+----------------+--------------+
; Top            ; 00:00:01     ;
+----------------+--------------+


+-------------------------------+
; Analysis & Synthesis Messages ;
+-------------------------------+
Info: *******************************************************************
Info: Running Quartus Prime Analysis & Synthesis
    Info: Version 18.0.0 Build 614 04/24/2018 SJ Lite Edition
    Info: Processing started: Fri May 19 09:47:41 2023
Info: Command: quartus_map --read_settings_files=on --write_settings_files=off Procesador -c Procesador
Warning (18236): Number of processors has not been specified which may cause overloading on shared machines.  Set the global assignment NUM_PARALLEL_PROCESSORS in your QSF to an appropriate value for best performance.
Info (20030): Parallel compilation is enabled and will use 4 of the 4 processors detected
Info (12021): Found 1 design units, including 1 entities, in source file alu_g.sv
    Info (12023): Found entity 1: ALU_G File: D:/Cursos y Carreras/INGENIERIA ELECTRONICA/Tecnicas Digitales 2/Quartus2_proyectos/Proyecto TP1 - CPUV_5_simOK.rar/Proyecto TP1 - CPUV_5_simOK.rar/ALU_G.sv Line: 1
Info (12021): Found 1 design units, including 1 entities, in source file mux_4x1.sv
    Info (12023): Found entity 1: mux_4x1 File: D:/Cursos y Carreras/INGENIERIA ELECTRONICA/Tecnicas Digitales 2/Quartus2_proyectos/Proyecto TP1 - CPUV_5_simOK.rar/Proyecto TP1 - CPUV_5_simOK.rar/mux_4x1.sv Line: 2
Info (12021): Found 1 design units, including 1 entities, in source file and_r.sv
    Info (12023): Found entity 1: and_R File: D:/Cursos y Carreras/INGENIERIA ELECTRONICA/Tecnicas Digitales 2/Quartus2_proyectos/Proyecto TP1 - CPUV_5_simOK.rar/Proyecto TP1 - CPUV_5_simOK.rar/and_R.sv Line: 1
Info (12021): Found 1 design units, including 1 entities, in source file procesador.sv
    Info (12023): Found entity 1: Procesador File: D:/Cursos y Carreras/INGENIERIA ELECTRONICA/Tecnicas Digitales 2/Quartus2_proyectos/Proyecto TP1 - CPUV_5_simOK.rar/Proyecto TP1 - CPUV_5_simOK.rar/Procesador.sv Line: 2
Info (12021): Found 1 design units, including 1 entities, in source file decoder.sv
    Info (12023): Found entity 1: decoder File: D:/Cursos y Carreras/INGENIERIA ELECTRONICA/Tecnicas Digitales 2/Quartus2_proyectos/Proyecto TP1 - CPUV_5_simOK.rar/Proyecto TP1 - CPUV_5_simOK.rar/decoder.sv Line: 2
Info (12021): Found 1 design units, including 1 entities, in source file registro.sv
    Info (12023): Found entity 1: registro File: D:/Cursos y Carreras/INGENIERIA ELECTRONICA/Tecnicas Digitales 2/Quartus2_proyectos/Proyecto TP1 - CPUV_5_simOK.rar/Proyecto TP1 - CPUV_5_simOK.rar/registro.sv Line: 2
Info (12021): Found 1 design units, including 1 entities, in source file mux_2x1.sv
    Info (12023): Found entity 1: mux_2x1 File: D:/Cursos y Carreras/INGENIERIA ELECTRONICA/Tecnicas Digitales 2/Quartus2_proyectos/Proyecto TP1 - CPUV_5_simOK.rar/Proyecto TP1 - CPUV_5_simOK.rar/mux_2x1.sv Line: 2
Info (12021): Found 1 design units, including 1 entities, in source file shifter.sv
    Info (12023): Found entity 1: Shifter File: D:/Cursos y Carreras/INGENIERIA ELECTRONICA/Tecnicas Digitales 2/Quartus2_proyectos/Proyecto TP1 - CPUV_5_simOK.rar/Proyecto TP1 - CPUV_5_simOK.rar/Shifter.sv Line: 2
Info (12021): Found 1 design units, including 1 entities, in source file procesador_simulation.sv
    Info (12023): Found entity 1: Procesador_simulation File: D:/Cursos y Carreras/INGENIERIA ELECTRONICA/Tecnicas Digitales 2/Quartus2_proyectos/Proyecto TP1 - CPUV_5_simOK.rar/Proyecto TP1 - CPUV_5_simOK.rar/Procesador_simulation.sv Line: 3
Info (12127): Elaborating entity "Procesador" for the top level hierarchy
Info (12128): Elaborating entity "decoder" for hierarchy "decoder:Deco" File: D:/Cursos y Carreras/INGENIERIA ELECTRONICA/Tecnicas Digitales 2/Quartus2_proyectos/Proyecto TP1 - CPUV_5_simOK.rar/Proyecto TP1 - CPUV_5_simOK.rar/Procesador.sv Line: 32
Info (12128): Elaborating entity "and_R" for hierarchy "and_R:And0" File: D:/Cursos y Carreras/INGENIERIA ELECTRONICA/Tecnicas Digitales 2/Quartus2_proyectos/Proyecto TP1 - CPUV_5_simOK.rar/Proyecto TP1 - CPUV_5_simOK.rar/Procesador.sv Line: 35
Info (12128): Elaborating entity "registro" for hierarchy "registro:R0" File: D:/Cursos y Carreras/INGENIERIA ELECTRONICA/Tecnicas Digitales 2/Quartus2_proyectos/Proyecto TP1 - CPUV_5_simOK.rar/Proyecto TP1 - CPUV_5_simOK.rar/Procesador.sv Line: 41
Info (12128): Elaborating entity "mux_4x1" for hierarchy "mux_4x1:mux_A" File: D:/Cursos y Carreras/INGENIERIA ELECTRONICA/Tecnicas Digitales 2/Quartus2_proyectos/Proyecto TP1 - CPUV_5_simOK.rar/Proyecto TP1 - CPUV_5_simOK.rar/Procesador.sv Line: 48
Info (12128): Elaborating entity "mux_2x1" for hierarchy "mux_2x1:mux_H" File: D:/Cursos y Carreras/INGENIERIA ELECTRONICA/Tecnicas Digitales 2/Quartus2_proyectos/Proyecto TP1 - CPUV_5_simOK.rar/Proyecto TP1 - CPUV_5_simOK.rar/Procesador.sv Line: 52
Info (12128): Elaborating entity "Shifter" for hierarchy "Shifter:shif_H" File: D:/Cursos y Carreras/INGENIERIA ELECTRONICA/Tecnicas Digitales 2/Quartus2_proyectos/Proyecto TP1 - CPUV_5_simOK.rar/Proyecto TP1 - CPUV_5_simOK.rar/Procesador.sv Line: 58
Info (12128): Elaborating entity "ALU_G" for hierarchy "ALU_G:ALU_G_1" File: D:/Cursos y Carreras/INGENIERIA ELECTRONICA/Tecnicas Digitales 2/Quartus2_proyectos/Proyecto TP1 - CPUV_5_simOK.rar/Proyecto TP1 - CPUV_5_simOK.rar/Procesador.sv Line: 61
Warning (13024): Output pins are stuck at VCC or GND
    Warning (13410): Pin "Tags[3]" is stuck at GND File: D:/Cursos y Carreras/INGENIERIA ELECTRONICA/Tecnicas Digitales 2/Quartus2_proyectos/Proyecto TP1 - CPUV_5_simOK.rar/Proyecto TP1 - CPUV_5_simOK.rar/Procesador.sv Line: 12
Info (286030): Timing-Driven Synthesis is running
Info (16010): Generating hard_block partition "hard_block:auto_generated_inst"
    Info (16011): Adding 0 node(s), including 0 DDIO, 0 PLL, 0 transceiver and 0 LCELL
Info (21057): Implemented 172 device resources after synthesis - the final resource count might be different
    Info (21058): Implemented 32 input pins
    Info (21059): Implemented 28 output pins
    Info (21061): Implemented 112 logic cells
Info: Quartus Prime Analysis & Synthesis was successful. 0 errors, 3 warnings
    Info: Peak virtual memory: 4814 megabytes
    Info: Processing ended: Fri May 19 09:48:03 2023
    Info: Elapsed time: 00:00:22
    Info: Total CPU time (on all processors): 00:00:41


